Arguments: 
  C:\Program Files\nodejs\node.exe C:\Program Files (x86)\Yarn\bin\yarn.js install

PATH: 
  C:\Program Files\Git\mingw64\bin;C:\Program Files\Git\usr\bin;C:\Users\Lenovo\bin;C:\ProgramData\Boxstarter;C:\Windows\system32;C:\Windows;C:\Windows\System32\Wbem;C:\Windows\System32\WindowsPowerShell\v1.0;C:\Windows\System32\OpenSSH;C:\Program Files\Git\cmd;C:\Program Files (x86)\Yarn\bin;C:\Program Files\nodejs;C:\ProgramData\chocolatey\bin;C:\Users\Lenovo\AppData\Local\Microsoft\WindowsApps;C:\Program Files\Microsoft VS Code\bin;C:\Users\Lenovo\AppData\Local\Yarn\bin;C:\Users\Lenovo\AppData\Roaming\npm

Yarn version: 
  1.12.3

Node version: 
  10.13.0

Platform: 
  win32 x64

Trace: 
  Error: getaddrinfo ENOTFOUND registry.yarnpkg.com registry.yarnpkg.com:443
      at GetAddrInfoReqWrap.onlookup [as oncomplete] (dns.js:57:26)

npm manifest: 
  {
    "dependencies": {
      "body-parser": "^1.18.3",
      "express": "^4.16.4",
      "node-json-db": "^0.9.1",
      "random-number": "^0.0.9"
    },
    "scripts": {
      "dev": "nodemon index.ts"
    }
  }

yarn manifest: 
  No manifest

Lockfile: 
  No lockfile
